<?xml version="1.0" encoding="UTF-8"?>
<testng-results skipped="0" failed="0" total="2" passed="2">
  <reporter-output>
  </reporter-output>
  <suite name="Default suite" duration-ms="13510" started-at="2015-01-02T22:46:30Z" finished-at="2015-01-02T22:46:43Z">
    <groups>
    </groups>
    <test name="Default test" duration-ms="13510" started-at="2015-01-02T22:46:30Z" finished-at="2015-01-02T22:46:43Z">
      <class name="com.example.tests.GroupModificationTests">
        <test-method status="PASS" signature="setUp()[pri:0, instance:com.example.tests.GroupModificationTests@42bbf4]" name="setUp" is-config="true" duration-ms="10002" started-at="2015-01-03T00:46:30Z" finished-at="2015-01-03T00:46:40Z">
          <reporter-output>
          </reporter-output>
        </test-method> <!-- setUp -->
        <test-method status="PASS" signature="modifySomeGroup()[pri:0, instance:com.example.tests.GroupModificationTests@42bbf4]" name="modifySomeGroup" duration-ms="3211" started-at="2015-01-03T00:46:40Z" finished-at="2015-01-03T00:46:43Z">
          <reporter-output>
          </reporter-output>
        </test-method> <!-- modifySomeGroup -->
        <test-method status="PASS" signature="f()[pri:0, instance:com.example.tests.GroupModificationTests@42bbf4]" name="f" duration-ms="3" started-at="2015-01-03T00:46:43Z" finished-at="2015-01-03T00:46:43Z">
          <reporter-output>
          </reporter-output>
        </test-method> <!-- f -->
        <test-method status="PASS" signature="tearDown()[pri:0, instance:com.example.tests.GroupModificationTests@42bbf4]" name="tearDown" is-config="true" duration-ms="269" started-at="2015-01-03T00:46:43Z" finished-at="2015-01-03T00:46:43Z">
          <reporter-output>
          </reporter-output>
        </test-method> <!-- tearDown -->
      </class> <!-- com.example.tests.GroupModificationTests -->
    </test> <!-- Default test -->
  </suite> <!-- Default suite -->
</testng-results>
