<?xml version="1.0" encoding="UTF-8"?>
<testng-results skipped="0" failed="0" total="1" passed="1">
  <reporter-output>
  </reporter-output>
  <suite name="Default suite" duration-ms="19181" started-at="2014-12-16T11:16:10Z" finished-at="2014-12-16T11:16:29Z">
    <groups>
    </groups>
    <test name="Default test" duration-ms="19181" started-at="2014-12-16T11:16:10Z" finished-at="2014-12-16T11:16:29Z">
      <class name="com.example.tests.ContactCreationTests">
        <test-method status="PASS" signature="setUp()[pri:0, instance:com.example.tests.ContactCreationTests@369c4]" name="setUp" is-config="true" duration-ms="10684" started-at="2014-12-16T13:16:10Z" finished-at="2014-12-16T13:16:21Z">
          <reporter-output>
          </reporter-output>
        </test-method> <!-- setUp -->
        <test-method status="PASS" signature="testNonEmptyContactCreation()[pri:0, instance:com.example.tests.ContactCreationTests@369c4]" name="testNonEmptyContactCreation" duration-ms="8127" started-at="2014-12-16T13:16:21Z" finished-at="2014-12-16T13:16:29Z">
          <reporter-output>
          </reporter-output>
        </test-method> <!-- testNonEmptyContactCreation -->
        <test-method status="PASS" signature="tearDown()[pri:0, instance:com.example.tests.ContactCreationTests@369c4]" name="tearDown" is-config="true" duration-ms="360" started-at="2014-12-16T13:16:29Z" finished-at="2014-12-16T13:16:29Z">
          <reporter-output>
          </reporter-output>
        </test-method> <!-- tearDown -->
      </class> <!-- com.example.tests.ContactCreationTests -->
    </test> <!-- Default test -->
  </suite> <!-- Default suite -->
</testng-results>
