<?xml version="1.0" encoding="UTF-8"?>
<!-- Generated by org.testng.reporters.JUnitXMLReporter -->
<testsuite hostname="Vira" name="Default test" tests="3" failures="0" timestamp="16 Dec 2014 16:07:44 GMT" time="23.147" errors="0">
  <testcase name="testEmptyGroupCreation" time="4.653" classname="com.example.tests.GroupCreationTests"/>
  <testcase name="testNonEmptyGroupCreation" time="5.559" classname="com.example.tests.GroupCreationTests"/>
  <testcase name="f" time="0.0" classname="com.example.tests.GroupCreationTests"/>
</testsuite> <!-- Default test -->
