<?xml version="1.0" encoding="UTF-8"?>
<!-- Generated by org.testng.reporters.JUnitXMLReporter -->
<testsuite hostname="Vira" name="Default test" tests="4" failures="0" timestamp="16 Dec 2014 10:25:25 GMT" time="23.2" errors="0">
  <testcase name="f" time="0.01" classname="com.example.tests.TestBase"/>
  <testcase name="testEmptyGroupCreation" time="3.681" classname="com.example.tests.GroupCreationTests"/>
  <testcase name="testNonEmptyGroupCreation" time="4.232" classname="com.example.tests.GroupCreationTests"/>
  <testcase name="f" time="0.0" classname="com.example.tests.GroupCreationTests"/>
</testsuite> <!-- Default test -->
